<?xml version="1.0" encoding="UTF-8"?>
<!-- Generated by org.testng.reporters.JUnitXMLReporter -->
<testsuite ignored="0" hostname="Shaun" failures="2" tests="10" name="Test" time="0.141" errors="0" timestamp="2026-04-24T19:19:39 IST">
  <testcase classname="org.runner.Test2" name="tc8" time="0.02"/>
  <testcase classname="org.runner.Test3" name="tc6" time="0.019"/>
  <testcase classname="org.runner.Test1" name="tc5" time="0.019"/>
  <testcase classname="org.runner.Test3" name="tc2" time="0.02"/>
  <testcase classname="org.runner.Test2" name="tc7" time="0.02"/>
  <testcase classname="org.runner.Test2" name="tc9" time="0.025"/>
  <testcase classname="org.runner.Test1" name="tc3" time="0.027"/>
  <testcase classname="org.runner.Test1" name="tc1" time="0.029">
    <failure type="java.lang.AssertionError" message="expected [true] but found [false]">
      <![CDATA[java.lang.AssertionError: expected [true] but found [false]
at org.runner.Test1.tc1(Test1.java:22)
at java.base/java.util.concurrent.Executors$RunnableAdapter.call(Executors.java:545)
at java.base/java.util.concurrent.FutureTask.run(FutureTask.java:328)
at java.base/java.util.concurrent.ThreadPoolExecutor.runWorker(ThreadPoolExecutor.java:1090)
at java.base/java.util.concurrent.ThreadPoolExecutor$Worker.run(ThreadPoolExecutor.java:614)
at java.base/java.lang.Thread.run(Thread.java:1474)
... Removed 15 stack frames]]>
    </failure>
  </testcase> <!-- tc1 -->
  <testcase classname="org.runner.Test3" name="tc4" time="0.03">
    <failure type="java.lang.AssertionError" message="expected [true] but found [false]">
      <![CDATA[java.lang.AssertionError: expected [true] but found [false]
at org.runner.Test3.tc4(Test3.java:19)
at java.base/java.util.concurrent.Executors$RunnableAdapter.call(Executors.java:545)
at java.base/java.util.concurrent.FutureTask.run(FutureTask.java:328)
at java.base/java.util.concurrent.ThreadPoolExecutor.runWorker(ThreadPoolExecutor.java:1090)
at java.base/java.util.concurrent.ThreadPoolExecutor$Worker.run(ThreadPoolExecutor.java:614)
at java.base/java.lang.Thread.run(Thread.java:1474)
... Removed 15 stack frames]]>
    </failure>
  </testcase> <!-- tc4 -->
  <testcase classname="org.runner.Test1" name="tc6" time="0.031"/>
</testsuite> <!-- Test -->
