<?xml version="1.0" encoding="UTF-8"?>
<!-- Generated by org.testng.reporters.JUnitReportReporter -->
<testsuite hostname="Shaun" failures="0" tests="5" name="org.runner.TestRunnertestNg" time="0.026" errors="0" timestamp="2026-04-20T19:29:07 IST" skipped="0">
  <testcase classname="org.runner.TestRunnertestNg" name="tc3" time="0.019"/>
  <testcase classname="org.runner.TestRunnertestNg" name="tc3" time="0.001"/>
  <testcase classname="org.runner.TestRunnertestNg" name="tc3" time="0.002"/>
  <testcase classname="org.runner.TestRunnertestNg" name="tc1" time="0.001"/>
  <testcase classname="org.runner.TestRunnertestNg" name="tc2" time="0.003"/>
</testsuite> <!-- org.runner.TestRunnertestNg -->
